This file contains any messages produced by compilers while
running configure, to aid debugging if configure makes a mistake.

It was created by ESPRESSO configure 6.4, which was
generated by GNU Autoconf 2.69.  Invocation command line was

  $ ./install/configure 

## --------- ##
## Platform. ##
## --------- ##

hostname = login3.frontera.tacc.utexas.edu
uname -m = x86_64
uname -r = 3.10.0-957.27.2.el7.x86_64
uname -s = Linux
uname -v = #1 SMP Mon Jul 29 17:46:05 UTC 2019

/usr/bin/uname -p = x86_64
/bin/uname -X     = unknown

/bin/arch              = x86_64
/usr/bin/arch -k       = unknown
/usr/convex/getsysinfo = unknown
/usr/bin/hostinfo      = unknown
/bin/machine           = unknown
/usr/bin/oslevel       = unknown
/bin/universe          = unknown

PATH: /opt/apps/xalt/xalt/bin
PATH: /opt/apps/intel19/impi19_0/phdf5/1.8.16/x86_64/bin
PATH: /home1/03355/tg826544/bin
PATH: /home1/03355/tg826544/bin/qtools
PATH: /home1/03355/tg826544/bin/btools
PATH: /home1/03355/tg826544/bin/wtools
PATH: /home1/03355/tg826544/software/QE/QE6.3/QE6.3_dev/bin
PATH: /opt/apps/hwloc/1.11.12/bin
PATH: /opt/apps/pmix/3.1.4/bin
PATH: /opt/apps/ucx/1.6.1/bin
PATH: /opt/apps/cmake/3.16.1/bin
PATH: /opt/apps/intel19/python3/3.7.0/bin
PATH: /opt/apps/autotools/1.2/bin
PATH: /opt/apps/git/2.24.1/bin
PATH: /tmprpm/intel19/impi/19.0.5/bin
PATH: /opt/intel/compilers_and_libraries_2019.5.281/linux/mpi/intel64/bin
PATH: /opt/intel/compilers_and_libraries_2019.5.281/linux/bin/intel64
PATH: /opt/apps/gcc/8.3.0/bin
PATH: /usr/lib64/qt-3.3/bin
PATH: /usr/local/bin
PATH: /bin
PATH: /usr/bin
PATH: /opt/ibutils/bin
PATH: /opt/ddn/ime/bin
PATH: /opt/dell/srvadmin/bin
PATH: .
PATH: /opt/apps/intel19/impi19_0/fftw3/3.3.8/bin


## ----------- ##
## Core tests. ##
## ----------- ##

configure:2427: checking build system type
configure:2441: result: x86_64-pc-linux-gnu
configure:2465: checking ARCH
configure:2509: result: x86_64
configure:2531: checking setting AR... 
configure:2537: result: ar
configure:2541: checking setting ARFLAGS... 
configure:2553: result: ruv
configure:2631: checking for gfortran
configure:2647: found /opt/apps/gcc/8.3.0/bin/gfortran
configure:2658: result: gfortran
configure:2684: checking for Fortran compiler version
configure:2693: gfortran --version >&5
GNU Fortran (GCC) 8.3.0
Copyright (C) 2018 Free Software Foundation, Inc.
This is free software; see the source for copying conditions.  There is NO
warranty; not even for MERCHANTABILITY or FITNESS FOR A PARTICULAR PURPOSE.

configure:2704: $? = 0
configure:2693: gfortran -v >&5
Using built-in specs.
COLLECT_GCC=gfortran
COLLECT_LTO_WRAPPER=/opt/apps/gcc/8.3.0/libexec/gcc/x86_64-pc-linux-gnu/8.3.0/lto-wrapper
Target: x86_64-pc-linux-gnu
Configured with: /admin/build/admin/rpms/frontera/BUILD/gcc-8.3.0/configure --enable-libssp --enable-gold=yes --enable-ld=default --enable-plugins --enable-lto --with-tune=generic --enable-languages=c,c++,fortran --disable-multilib --prefix=/opt/apps/gcc/8.3.0 --with-gmp=/opt/apps/gcc/8.3.0 --with-mlgmp=/opt/apps/gcc/8.3.0 --with-mpfr=/opt/apps/gcc/8.3.0 --with-mpc=/opt/apps/gcc/8.3.0 --with-isl=/opt/apps/gcc/8.3.0
Thread model: posix
gcc version 8.3.0 (GCC) 
configure:2704: $? = 0
configure:2693: gfortran -V >&5
gfortran: error: unrecognized command line option '-V'
gfortran: fatal error: no input files
compilation terminated.
configure:2704: $? = 1
configure:2693: gfortran -qversion >&5
gfortran: error: unrecognized command line option '-qversion'; did you mean '--version'?
gfortran: fatal error: no input files
compilation terminated.
configure:2704: $? = 1
configure:2719: checking whether the Fortran compiler works
configure:2741: gfortran    conftest.f  >&5
configure:2745: $? = 0
configure:2793: result: yes
configure:2796: checking for Fortran compiler default output file name
configure:2798: result: a.out
configure:2804: checking for suffix of executables
configure:2811: gfortran -o conftest    conftest.f  >&5
configure:2815: $? = 0
configure:2837: result: 
configure:2853: checking whether we are cross compiling
configure:2861: gfortran -o conftest    conftest.f  >&5
configure:2865: $? = 0
configure:2872: ./conftest
configure:2876: $? = 0
configure:2891: result: no
configure:2896: checking for suffix of object files
configure:2912: gfortran -c   conftest.f >&5
configure:2916: $? = 0
configure:2937: result: o
configure:2945: checking whether we are using the GNU Fortran compiler
configure:2958: gfortran -c   conftest.F >&5
configure:2958: $? = 0
configure:2967: result: yes
configure:2973: checking whether gfortran accepts -g
configure:2984: gfortran -c -g  conftest.f >&5
configure:2984: $? = 0
configure:2992: result: yes
configure:3069: checking for gcc
configure:3085: found /opt/apps/gcc/8.3.0/bin/gcc
configure:3096: result: gcc
configure:3325: checking for C compiler version
configure:3334: gcc --version >&5
gcc (GCC) 8.3.0
Copyright (C) 2018 Free Software Foundation, Inc.
This is free software; see the source for copying conditions.  There is NO
warranty; not even for MERCHANTABILITY or FITNESS FOR A PARTICULAR PURPOSE.

configure:3345: $? = 0
configure:3334: gcc -v >&5
Using built-in specs.
COLLECT_GCC=gcc
COLLECT_LTO_WRAPPER=/opt/apps/gcc/8.3.0/libexec/gcc/x86_64-pc-linux-gnu/8.3.0/lto-wrapper
Target: x86_64-pc-linux-gnu
Configured with: /admin/build/admin/rpms/frontera/BUILD/gcc-8.3.0/configure --enable-libssp --enable-gold=yes --enable-ld=default --enable-plugins --enable-lto --with-tune=generic --enable-languages=c,c++,fortran --disable-multilib --prefix=/opt/apps/gcc/8.3.0 --with-gmp=/opt/apps/gcc/8.3.0 --with-mlgmp=/opt/apps/gcc/8.3.0 --with-mpfr=/opt/apps/gcc/8.3.0 --with-mpc=/opt/apps/gcc/8.3.0 --with-isl=/opt/apps/gcc/8.3.0
Thread model: posix
gcc version 8.3.0 (GCC) 
configure:3345: $? = 0
configure:3334: gcc -V >&5
gcc: error: unrecognized command line option '-V'
gcc: fatal error: no input files
compilation terminated.
configure:3345: $? = 1
configure:3334: gcc -qversion >&5
gcc: error: unrecognized command line option '-qversion'; did you mean '--version'?
gcc: fatal error: no input files
compilation terminated.
configure:3345: $? = 1
configure:3349: checking whether we are using the GNU C compiler
configure:3368: gcc -c   conftest.c >&5
configure:3368: $? = 0
configure:3377: result: yes
configure:3386: checking whether gcc accepts -g
configure:3406: gcc -c -g  conftest.c >&5
configure:3406: $? = 0
configure:3447: result: yes
configure:3464: checking for gcc option to accept ISO C89
configure:3527: gcc  -c -g -O2  conftest.c >&5
configure:3527: $? = 0
configure:3540: result: none needed
configure:4274: checking for mpif90
configure:4290: found /opt/intel/compilers_and_libraries_2019.5.281/linux/mpi/intel64/bin/mpif90
configure:4301: result: mpif90
configure:4327: checking for Fortran compiler version
configure:4336: mpif90 --version >&5
ifort (IFORT) 19.0.5.281 20190815
Copyright (C) 1985-2019 Intel Corporation.  All rights reserved.

configure:4347: $? = 0
configure:4336: mpif90 -v >&5
mpif90 for the Intel(R) MPI Library 2019 Update 5 for Linux*
Copyright 2003-2019, Intel Corporation.
ifort version 19.0.5.281
configure:4347: $? = 0
configure:4336: mpif90 -V >&5
GNU ld (GNU Binutils) 2.32
Intel(R) Fortran Intel(R) 64 Compiler for applications running on Intel(R) 64, Version 19.0.5.281 Build 20190815
Copyright (C) 1985-2019 Intel Corporation.  All rights reserved.

/opt/apps/gcc/8.3.0/bin/ld: /opt/intel/compilers_and_libraries_2019.5.281/linux/compiler/lib/intel64_lin/for_main.o: in function `main':
for_main.c:(.text+0x2e): undefined reference to `MAIN__'
configure:4347: $? = 1
configure:4336: mpif90 -qversion >&5
ifort: command line warning #10006: ignoring unknown option '-qversion'
/opt/apps/gcc/8.3.0/bin/ld: /opt/intel/compilers_and_libraries_2019.5.281/linux/compiler/lib/intel64_lin/for_main.o: in function `main':
for_main.c:(.text+0x2e): undefined reference to `MAIN__'
configure:4347: $? = 1
configure:4356: checking whether we are using the GNU Fortran compiler
configure:4369: mpif90 -c -g -O2  conftest.F >&5
conftest.F(3): error #5082: Syntax error, found END-OF-STATEMENT when expecting one of: ( : % [ . = =>
       choke me
---------------^
conftest.F(3): error #6218: This statement is positioned incorrectly and/or has syntax errors.
       choke me
-------^
compilation aborted for conftest.F (code 1)
configure:4369: $? = 1
configure: failed program was:
|       program main
| #ifndef __GNUC__
|        choke me
| #endif
| 
|       end
configure:4378: result: no
configure:4384: checking whether mpif90 accepts -g
configure:4395: mpif90 -c -g  conftest.f >&5
configure:4395: $? = 0
configure:4403: result: yes
configure:4495: checking for Fortran flag to compile .f90 files
configure:4515: mpif90 -c -g -O2  conftest.f90 >&5
configure:4515: $? = 0
configure:4524: result: none
configure:4748: checking for C compiler version
configure:4757: gcc --version >&5
gcc (GCC) 8.3.0
Copyright (C) 2018 Free Software Foundation, Inc.
This is free software; see the source for copying conditions.  There is NO
warranty; not even for MERCHANTABILITY or FITNESS FOR A PARTICULAR PURPOSE.

configure:4768: $? = 0
configure:4757: gcc -v >&5
Using built-in specs.
COLLECT_GCC=gcc
COLLECT_LTO_WRAPPER=/opt/apps/gcc/8.3.0/libexec/gcc/x86_64-pc-linux-gnu/8.3.0/lto-wrapper
Target: x86_64-pc-linux-gnu
Configured with: /admin/build/admin/rpms/frontera/BUILD/gcc-8.3.0/configure --enable-libssp --enable-gold=yes --enable-ld=default --enable-plugins --enable-lto --with-tune=generic --enable-languages=c,c++,fortran --disable-multilib --prefix=/opt/apps/gcc/8.3.0 --with-gmp=/opt/apps/gcc/8.3.0 --with-mlgmp=/opt/apps/gcc/8.3.0 --with-mpfr=/opt/apps/gcc/8.3.0 --with-mpc=/opt/apps/gcc/8.3.0 --with-isl=/opt/apps/gcc/8.3.0
Thread model: posix
gcc version 8.3.0 (GCC) 
configure:4768: $? = 0
configure:4757: gcc -V >&5
gcc: error: unrecognized command line option '-V'
gcc: fatal error: no input files
compilation terminated.
configure:4768: $? = 1
configure:4757: gcc -qversion >&5
gcc: error: unrecognized command line option '-qversion'; did you mean '--version'?
gcc: fatal error: no input files
compilation terminated.
configure:4768: $? = 1
configure:4772: checking whether we are using the GNU C compiler
configure:4800: result: yes
configure:4809: checking whether gcc accepts -g
configure:4870: result: yes
configure:4887: checking for gcc option to accept ISO C89
configure:4963: result: none needed
configure:5108: checking for ifort
configure:5124: found /opt/intel/compilers_and_libraries_2019.5.281/linux/bin/intel64/ifort
configure:5135: result: ifort
configure:5161: checking for Fortran 77 compiler version
configure:5170: ifort --version >&5
ifort (IFORT) 19.0.5.281 20190815
Copyright (C) 1985-2019 Intel Corporation.  All rights reserved.

configure:5181: $? = 0
configure:5170: ifort -v >&5
ifort version 19.0.5.281
configure:5181: $? = 0
configure:5170: ifort -V >&5
Intel(R) Fortran Intel(R) 64 Compiler for applications running on Intel(R) 64, Version 19.0.5.281 Build 20190815
Copyright (C) 1985-2019 Intel Corporation.  All rights reserved.

configure:5181: $? = 0
configure:5170: ifort -qversion >&5
ifort: command line warning #10006: ignoring unknown option '-qversion'
ifort: command line error: no files specified; for help type "ifort -help"
configure:5181: $? = 1
configure:5190: checking whether we are using the GNU Fortran 77 compiler
configure:5203: ifort -c  conftest.F >&5
conftest.F(3): error #5082: Syntax error, found END-OF-STATEMENT when expecting one of: ( : % [ . = =>
       choke me
---------------^
conftest.F(3): error #6218: This statement is positioned incorrectly and/or has syntax errors.
       choke me
-------^
compilation aborted for conftest.F (code 1)
configure:5203: $? = 1
configure: failed program was:
|       program main
| #ifndef __GNUC__
|        choke me
| #endif
| 
|       end
configure:5212: result: no
configure:5218: checking whether ifort accepts -g
configure:5229: ifort -c -g conftest.f >&5
configure:5229: $? = 0
configure:5237: result: yes
configure:5604: checking whether make sets $(MAKE)
configure:5626: result: yes
configure:6345: checking for library containing dgemm
configure:6363: ifort -o conftest -O2 -assume byterecl -g -traceback  -nomodule     conftest.f  >&5
/opt/apps/gcc/8.3.0/bin/ld: /tmp/ifortQF1Bbe.o: in function `MAIN__':
/home1/03355/tg826544/software/QE/QE6.4.1/QE6.4.1_dev/conftest.f:2: undefined reference to `dgemm_'
configure:6363: $? = 1
configure: failed program was:
|       program main
|       call dgemm
|       end
configure:6363: ifort -o conftest -O2 -assume byterecl -g -traceback  -nomodule     conftest.f -lmkl_intel_lp64 -lmkl_sequential -lmkl_core  >&5
configure:6363: $? = 0
configure:6380: result: -lmkl_intel_lp64
configure:7244: checking for library containing dspev
configure:7262: ifort -o conftest -O2 -assume byterecl -g -traceback  -nomodule   conftest.f    -lmkl_intel_lp64  -lmkl_sequential -lmkl_core >&5
configure:7262: $? = 0
configure:7279: result: none required
configure:7524: checking how to run the C preprocessor
configure:7555: gcc -E  conftest.c
configure:7555: $? = 0
configure:7569: gcc -E  conftest.c
conftest.c:9:10: fatal error: ac_nonexistent.h: No such file or directory
 #include <ac_nonexistent.h>
          ^~~~~~~~~~~~~~~~~~
compilation terminated.
configure:7569: $? = 1
configure: failed program was:
| /* confdefs.h */
| #define PACKAGE_NAME "ESPRESSO"
| #define PACKAGE_TARNAME "espresso"
| #define PACKAGE_VERSION "6.4"
| #define PACKAGE_STRING "ESPRESSO 6.4"
| #define PACKAGE_BUGREPORT ""
| #define PACKAGE_URL ""
| /* end confdefs.h.  */
| #include <ac_nonexistent.h>
configure:7594: result: gcc -E
configure:7614: gcc -E  conftest.c
configure:7614: $? = 0
configure:7628: gcc -E  conftest.c
conftest.c:9:10: fatal error: ac_nonexistent.h: No such file or directory
 #include <ac_nonexistent.h>
          ^~~~~~~~~~~~~~~~~~
compilation terminated.
configure:7628: $? = 1
configure: failed program was:
| /* confdefs.h */
| #define PACKAGE_NAME "ESPRESSO"
| #define PACKAGE_TARNAME "espresso"
| #define PACKAGE_VERSION "6.4"
| #define PACKAGE_STRING "ESPRESSO 6.4"
| #define PACKAGE_BUGREPORT ""
| #define PACKAGE_URL ""
| /* end confdefs.h.  */
| #include <ac_nonexistent.h>
configure:7657: checking for grep that handles long lines and -e
configure:7715: result: /bin/grep
configure:7720: checking for egrep
configure:7782: result: /bin/grep -E
configure:7787: checking for ANSI C header files
configure:7807: gcc -c -g -O2  conftest.c >&5
configure:7807: $? = 0
configure:7880: gcc -o conftest -g -O2    conftest.c    -lmkl_intel_lp64  -lmkl_sequential -lmkl_core >&5
/opt/apps/gcc/8.3.0/bin/ld: /opt/intel/compilers_and_libraries_2019.5.281/linux/mkl/lib/intel64_lin/libmkl_sequential.so: undefined reference to `cos'
/opt/apps/gcc/8.3.0/bin/ld: /opt/intel/compilers_and_libraries_2019.5.281/linux/mkl/lib/intel64_lin/libmkl_sequential.so: undefined reference to `acos'
/opt/apps/gcc/8.3.0/bin/ld: /opt/intel/compilers_and_libraries_2019.5.281/linux/mkl/lib/intel64_lin/libmkl_core.so: undefined reference to `ceil'
/opt/apps/gcc/8.3.0/bin/ld: /opt/intel/compilers_and_libraries_2019.5.281/linux/mkl/lib/intel64_lin/libmkl_core.so: undefined reference to `atan2'
/opt/apps/gcc/8.3.0/bin/ld: /opt/intel/compilers_and_libraries_2019.5.281/linux/mkl/lib/intel64_lin/libmkl_core.so: undefined reference to `sqrtf'
/opt/apps/gcc/8.3.0/bin/ld: /opt/intel/compilers_and_libraries_2019.5.281/linux/mkl/lib/intel64_lin/libmkl_core.so: undefined reference to `fabs'
/opt/apps/gcc/8.3.0/bin/ld: /opt/intel/compilers_and_libraries_2019.5.281/linux/mkl/lib/intel64_lin/libmkl_sequential.so: undefined reference to `sin'
/opt/apps/gcc/8.3.0/bin/ld: /opt/intel/compilers_and_libraries_2019.5.281/linux/mkl/lib/intel64_lin/libmkl_core.so: undefined reference to `exp'
/opt/apps/gcc/8.3.0/bin/ld: /opt/intel/compilers_and_libraries_2019.5.281/linux/mkl/lib/intel64_lin/libmkl_core.so: undefined reference to `sqrt'
/opt/apps/gcc/8.3.0/bin/ld: /opt/intel/compilers_and_libraries_2019.5.281/linux/mkl/lib/intel64_lin/libmkl_intel_lp64.so: undefined reference to `log'
/opt/apps/gcc/8.3.0/bin/ld: /opt/intel/compilers_and_libraries_2019.5.281/linux/mkl/lib/intel64_lin/libmkl_sequential.so: undefined reference to `log10'
/opt/apps/gcc/8.3.0/bin/ld: /opt/intel/compilers_and_libraries_2019.5.281/linux/mkl/lib/intel64_lin/libmkl_core.so: undefined reference to `pow'
/opt/apps/gcc/8.3.0/bin/ld: /opt/intel/compilers_and_libraries_2019.5.281/linux/mkl/lib/intel64_lin/libmkl_core.so: undefined reference to `expf'
/opt/apps/gcc/8.3.0/bin/ld: /opt/intel/compilers_and_libraries_2019.5.281/linux/mkl/lib/intel64_lin/libmkl_core.so: undefined reference to `logf'
collect2: error: ld returned 1 exit status
configure:7880: $? = 1
configure: program exited with status 1
configure: failed program was:
| /* confdefs.h */
| #define PACKAGE_NAME "ESPRESSO"
| #define PACKAGE_TARNAME "espresso"
| #define PACKAGE_VERSION "6.4"
| #define PACKAGE_STRING "ESPRESSO 6.4"
| #define PACKAGE_BUGREPORT ""
| #define PACKAGE_URL ""
| /* end confdefs.h.  */
| #include <ctype.h>
| #include <stdlib.h>
| #if ((' ' & 0x0FF) == 0x020)
| # define ISLOWER(c) ('a' <= (c) && (c) <= 'z')
| # define TOUPPER(c) (ISLOWER(c) ? 'A' + ((c) - 'a') : (c))
| #else
| # define ISLOWER(c) 		   (('a' <= (c) && (c) <= 'i') 		     || ('j' <= (c) && (c) <= 'r') 		     || ('s' <= (c) && (c) <= 'z'))
| # define TOUPPER(c) (ISLOWER(c) ? ((c) | 0x40) : (c))
| #endif
| 
| #define XOR(e, f) (((e) && !(f)) || (!(e) && (f)))
| int
| main ()
| {
|   int i;
|   for (i = 0; i < 256; i++)
|     if (XOR (islower (i), ISLOWER (i))
| 	|| toupper (i) != TOUPPER (i))
|       return 2;
|   return 0;
| }
configure:7891: result: no
configure:7904: checking for sys/types.h
configure:7904: gcc -c -g -O2  conftest.c >&5
configure:7904: $? = 0
configure:7904: result: yes
configure:7904: checking for sys/stat.h
configure:7904: gcc -c -g -O2  conftest.c >&5
configure:7904: $? = 0
configure:7904: result: yes
configure:7904: checking for stdlib.h
configure:7904: gcc -c -g -O2  conftest.c >&5
configure:7904: $? = 0
configure:7904: result: yes
configure:7904: checking for string.h
configure:7904: gcc -c -g -O2  conftest.c >&5
configure:7904: $? = 0
configure:7904: result: yes
configure:7904: checking for memory.h
configure:7904: gcc -c -g -O2  conftest.c >&5
configure:7904: $? = 0
configure:7904: result: yes
configure:7904: checking for strings.h
configure:7904: gcc -c -g -O2  conftest.c >&5
configure:7904: $? = 0
configure:7904: result: yes
configure:7904: checking for inttypes.h
configure:7904: gcc -c -g -O2  conftest.c >&5
configure:7904: $? = 0
configure:7904: result: yes
configure:7904: checking for stdint.h
configure:7904: gcc -c -g -O2  conftest.c >&5
configure:7904: $? = 0
configure:7904: result: yes
configure:7904: checking for unistd.h
configure:7904: gcc -c -g -O2  conftest.c >&5
configure:7904: $? = 0
configure:7904: result: yes
configure:7921: checking FFT
configure:8209: checking for DftiComputeForward in -lmkl_intel_lp64
configure:8234: gcc -o conftest -O3 -O3   conftest.c -lmkl_intel_lp64   -lmkl_intel_lp64  -lmkl_sequential -lmkl_core -lm   >&5
configure:8234: $? = 0
configure:8243: result: yes
configure:8265: checking for /opt/intel/compilers_and_libraries_2019.5.281/linux/mkl/include/mkl_dfti.f90
configure:8279: result: yes
configure:8513: result: 
configure:8668: checking MASS
configure:8905: result: 
configure:8936: checking for library containing mpi_init
configure:8954: mpif90 -o conftest -O2 -assume byterecl -g -traceback  -nomodule  conftest.f  >&5
configure:8954: $? = 0
configure:8971: result: none required
configure:9052: checking for library containing pdgemr2d
configure:9070: mpif90 -o conftest -O2 -assume byterecl -g -traceback  -nomodule  conftest.f  >&5
/opt/apps/gcc/8.3.0/bin/ld: /tmp/ifortiLVYee.o: in function `MAIN__':
/home1/03355/tg826544/software/QE/QE6.4.1/QE6.4.1_dev/conftest.f:2: undefined reference to `pdgemr2d_'
configure:9070: $? = 1
configure: failed program was:
|       program main
|       call pdgemr2d
|       end
configure:9070: mpif90 -o conftest -O2 -assume byterecl -g -traceback  -nomodule  conftest.f  >&5
/opt/apps/gcc/8.3.0/bin/ld: /tmp/ifortHO1QBs.o: in function `MAIN__':
/home1/03355/tg826544/software/QE/QE6.4.1/QE6.4.1_dev/conftest.f:2: undefined reference to `pdgemr2d_'
configure:9070: $? = 1
configure: failed program was:
|       program main
|       call pdgemr2d
|       end
configure:9087: result: no
configure:9107: checking for library containing pdgemr2d
configure:9125: mpif90 -o conftest -O2 -assume byterecl -g -traceback  -nomodule  conftest.f    -lmkl_intel_lp64  -lmkl_sequential -lmkl_core >&5
/opt/apps/gcc/8.3.0/bin/ld: /tmp/ifort1w1JuL.o: in function `MAIN__':
/home1/03355/tg826544/software/QE/QE6.4.1/QE6.4.1_dev/conftest.f:2: undefined reference to `pdgemr2d_'
configure:9125: $? = 1
configure: failed program was:
|       program main
|       call pdgemr2d
|       end
configure:9125: mpif90 -o conftest -O2 -assume byterecl -g -traceback  -nomodule  conftest.f -lmkl_scalapack_lp64 -lmkl_blacs_openmpi_lp64     -lmkl_intel_lp64  -lmkl_sequential -lmkl_core >&5
/opt/apps/gcc/8.3.0/bin/ld: /opt/intel/compilers_and_libraries_2019.5.281/linux/mkl/lib/intel64_lin/libmkl_blacs_openmpi_lp64.so: undefined reference to `ompi_mpi_comm_null'
/opt/apps/gcc/8.3.0/bin/ld: /opt/intel/compilers_and_libraries_2019.5.281/linux/mkl/lib/intel64_lin/libmkl_blacs_openmpi_lp64.so: undefined reference to `MPI_Comm_f2c'
/opt/apps/gcc/8.3.0/bin/ld: /opt/intel/compilers_and_libraries_2019.5.281/linux/mkl/lib/intel64_lin/libmkl_blacs_openmpi_lp64.so: undefined reference to `ompi_mpi_double'
/opt/apps/gcc/8.3.0/bin/ld: /opt/intel/compilers_and_libraries_2019.5.281/linux/mkl/lib/intel64_lin/libmkl_blacs_openmpi_lp64.so: undefined reference to `ompi_mpi_dblcplex'
/opt/apps/gcc/8.3.0/bin/ld: /opt/intel/compilers_and_libraries_2019.5.281/linux/mkl/lib/intel64_lin/libmkl_blacs_openmpi_lp64.so: undefined reference to `ompi_mpi_packed'
/opt/apps/gcc/8.3.0/bin/ld: /opt/intel/compilers_and_libraries_2019.5.281/linux/mkl/lib/intel64_lin/libmkl_blacs_openmpi_lp64.so: undefined reference to `ompi_mpi_op_max'
/opt/apps/gcc/8.3.0/bin/ld: /opt/intel/compilers_and_libraries_2019.5.281/linux/mkl/lib/intel64_lin/libmkl_blacs_openmpi_lp64.so: undefined reference to `ompi_mpi_op_maxloc'
/opt/apps/gcc/8.3.0/bin/ld: /opt/intel/compilers_and_libraries_2019.5.281/linux/mkl/lib/intel64_lin/libmkl_blacs_openmpi_lp64.so: undefined reference to `ompi_mpi_op_min'
/opt/apps/gcc/8.3.0/bin/ld: /opt/intel/compilers_and_libraries_2019.5.281/linux/mkl/lib/intel64_lin/libmkl_blacs_openmpi_lp64.so: undefined reference to `ompi_mpi_byte'
/opt/apps/gcc/8.3.0/bin/ld: /opt/intel/compilers_and_libraries_2019.5.281/linux/mkl/lib/intel64_lin/libmkl_blacs_openmpi_lp64.so: undefined reference to `ompi_mpi_comm_world'
/opt/apps/gcc/8.3.0/bin/ld: /opt/intel/compilers_and_libraries_2019.5.281/linux/mkl/lib/intel64_lin/libmkl_blacs_openmpi_lp64.so: undefined reference to `ompi_mpi_float'
/opt/apps/gcc/8.3.0/bin/ld: /opt/intel/compilers_and_libraries_2019.5.281/linux/mkl/lib/intel64_lin/libmkl_blacs_openmpi_lp64.so: undefined reference to `ompi_request_null'
/opt/apps/gcc/8.3.0/bin/ld: /opt/intel/compilers_and_libraries_2019.5.281/linux/mkl/lib/intel64_lin/libmkl_blacs_openmpi_lp64.so: undefined reference to `ompi_mpi_cplex'
/opt/apps/gcc/8.3.0/bin/ld: /opt/intel/compilers_and_libraries_2019.5.281/linux/mkl/lib/intel64_lin/libmkl_blacs_openmpi_lp64.so: undefined reference to `ompi_mpi_unsigned_short'
/opt/apps/gcc/8.3.0/bin/ld: /opt/intel/compilers_and_libraries_2019.5.281/linux/mkl/lib/intel64_lin/libmkl_blacs_openmpi_lp64.so: undefined reference to `MPI_Comm_c2f'
/opt/apps/gcc/8.3.0/bin/ld: /opt/intel/compilers_and_libraries_2019.5.281/linux/mkl/lib/intel64_lin/libmkl_blacs_openmpi_lp64.so: undefined reference to `ompi_mpi_double_int'
/opt/apps/gcc/8.3.0/bin/ld: /opt/intel/compilers_and_libraries_2019.5.281/linux/mkl/lib/intel64_lin/libmkl_blacs_openmpi_lp64.so: undefined reference to `ompi_mpi_int'
/opt/apps/gcc/8.3.0/bin/ld: /opt/intel/compilers_and_libraries_2019.5.281/linux/mkl/lib/intel64_lin/libmkl_blacs_openmpi_lp64.so: undefined reference to `ompi_mpi_long_long_int'
/opt/apps/gcc/8.3.0/bin/ld: /opt/intel/compilers_and_libraries_2019.5.281/linux/mkl/lib/intel64_lin/libmkl_blacs_openmpi_lp64.so: undefined reference to `ompi_mpi_integer'
/opt/apps/gcc/8.3.0/bin/ld: /opt/intel/compilers_and_libraries_2019.5.281/linux/mkl/lib/intel64_lin/libmkl_blacs_openmpi_lp64.so: undefined reference to `ompi_mpi_dblprec'
/opt/apps/gcc/8.3.0/bin/ld: /opt/intel/compilers_and_libraries_2019.5.281/linux/mkl/lib/intel64_lin/libmkl_blacs_openmpi_lp64.so: undefined reference to `MPI_Type_f2c'
/opt/apps/gcc/8.3.0/bin/ld: /opt/intel/compilers_and_libraries_2019.5.281/linux/mkl/lib/intel64_lin/libmkl_blacs_openmpi_lp64.so: undefined reference to `MPI_Op_f2c'
/opt/apps/gcc/8.3.0/bin/ld: /opt/intel/compilers_and_libraries_2019.5.281/linux/mkl/lib/intel64_lin/libmkl_blacs_openmpi_lp64.so: undefined reference to `ompi_mpi_ub'
/opt/apps/gcc/8.3.0/bin/ld: /opt/intel/compilers_and_libraries_2019.5.281/linux/mkl/lib/intel64_lin/libmkl_blacs_openmpi_lp64.so: undefined reference to `ompi_mpi_op_sum'
/opt/apps/gcc/8.3.0/bin/ld: /opt/intel/compilers_and_libraries_2019.5.281/linux/mkl/lib/intel64_lin/libmkl_blacs_openmpi_lp64.so: undefined reference to `MPI_Op_c2f'
/opt/apps/gcc/8.3.0/bin/ld: /opt/intel/compilers_and_libraries_2019.5.281/linux/mkl/lib/intel64_lin/libmkl_blacs_openmpi_lp64.so: undefined reference to `ompi_mpi_real'
/opt/apps/gcc/8.3.0/bin/ld: /opt/intel/compilers_and_libraries_2019.5.281/linux/mkl/lib/intel64_lin/libmkl_blacs_openmpi_lp64.so: undefined reference to `MPI_Type_c2f'
configure:9125: $? = 1
configure: failed program was:
|       program main
|       call pdgemr2d
|       end
configure:9142: result: no
configure:9159: checking for library containing pdgemr2d
configure:9177: mpif90 -o conftest -O2 -assume byterecl -g -traceback  -nomodule  conftest.f  -lsci >&5
/opt/apps/gcc/8.3.0/bin/ld: cannot find -lsci
configure:9177: $? = 1
configure: failed program was:
|       program main
|       call pdgemr2d
|       end
configure:9177: mpif90 -o conftest -O2 -assume byterecl -g -traceback  -nomodule  conftest.f  -lsci >&5
/opt/apps/gcc/8.3.0/bin/ld: cannot find -lsci
configure:9177: $? = 1
configure: failed program was:
|       program main
|       call pdgemr2d
|       end
configure:9194: result: no
configure:9209: checking for library containing pdgemr2d
configure:9227: mpif90 -o conftest -O2 -assume byterecl -g -traceback  -nomodule  conftest.f  -lscalapack >&5
/opt/apps/gcc/8.3.0/bin/ld: cannot find -lscalapack
configure:9227: $? = 1
configure: failed program was:
|       program main
|       call pdgemr2d
|       end
configure:9227: mpif90 -o conftest -O2 -assume byterecl -g -traceback  -nomodule  conftest.f  -lscalapack >&5
/opt/apps/gcc/8.3.0/bin/ld: cannot find -lscalapack
configure:9227: $? = 1
configure: failed program was:
|       program main
|       call pdgemr2d
|       end
configure:9244: result: no
configure:9260: checking for library containing pdgemr2d
configure:9278: mpif90 -o conftest -O2 -assume byterecl -g -traceback  -nomodule  conftest.f  -lscalapack -lblacs -lblacsF77init -lblacs >&5
/opt/apps/gcc/8.3.0/bin/ld: cannot find -lscalapack
/opt/apps/gcc/8.3.0/bin/ld: cannot find -lblacs
/opt/apps/gcc/8.3.0/bin/ld: cannot find -lblacsF77init
/opt/apps/gcc/8.3.0/bin/ld: cannot find -lblacs
configure:9278: $? = 1
configure: failed program was:
|       program main
|       call pdgemr2d
|       end
configure:9278: mpif90 -o conftest -O2 -assume byterecl -g -traceback  -nomodule  conftest.f  -lscalapack -lblacs -lblacsF77init -lblacs >&5
/opt/apps/gcc/8.3.0/bin/ld: cannot find -lscalapack
/opt/apps/gcc/8.3.0/bin/ld: cannot find -lblacs
/opt/apps/gcc/8.3.0/bin/ld: cannot find -lblacsF77init
/opt/apps/gcc/8.3.0/bin/ld: cannot find -lblacs
configure:9278: $? = 1
configure: failed program was:
|       program main
|       call pdgemr2d
|       end
configure:9295: result: no
configure:9313: checking for library containing pdgemr2d
configure:9331: mpif90 -o conftest -O2 -assume byterecl -g -traceback  -nomodule  conftest.f  -L/bgsys/local/scalapack/lib -lscalapack -L/bgsys/local/blacs/lib -lblacs -lblacsF77init -lblacs >&5
/opt/apps/gcc/8.3.0/bin/ld: cannot find -lscalapack
/opt/apps/gcc/8.3.0/bin/ld: cannot find -lblacs
/opt/apps/gcc/8.3.0/bin/ld: cannot find -lblacsF77init
/opt/apps/gcc/8.3.0/bin/ld: cannot find -lblacs
configure:9331: $? = 1
configure: failed program was:
|       program main
|       call pdgemr2d
|       end
configure:9331: mpif90 -o conftest -O2 -assume byterecl -g -traceback  -nomodule  conftest.f  -L/bgsys/local/scalapack/lib -lscalapack -L/bgsys/local/blacs/lib -lblacs -lblacsF77init -lblacs >&5
/opt/apps/gcc/8.3.0/bin/ld: cannot find -lscalapack
/opt/apps/gcc/8.3.0/bin/ld: cannot find -lblacs
/opt/apps/gcc/8.3.0/bin/ld: cannot find -lblacsF77init
/opt/apps/gcc/8.3.0/bin/ld: cannot find -lblacs
configure:9331: $? = 1
configure: failed program was:
|       program main
|       call pdgemr2d
|       end
configure:9348: result: no
configure:9381: checking ELPA
configure:9453: result: 
configure:9893: checking for ranlib
configure:9909: found /opt/apps/gcc/8.3.0/bin/ranlib
configure:9921: result: ranlib
configure:9947: checking for wget
configure:9963: found /bin/wget
configure:9974: result: wget -O
configure:10186: creating ./config.status

## ---------------------- ##
## Running config.status. ##
## ---------------------- ##

This file was extended by ESPRESSO config.status 6.4, which was
generated by GNU Autoconf 2.69.  Invocation command line was

  CONFIG_FILES    = 
  CONFIG_HEADERS  = 
  CONFIG_LINKS    = 
  CONFIG_COMMANDS = 
  $ ./config.status 

on login3.frontera.tacc.utexas.edu

config.status:873: creating install/make_lapack.inc
config.status:873: creating include/configure.h
config.status:873: creating make.inc
config.status:873: creating configure.msg
config.status:873: creating install/make_wannier90.inc
config.status:873: creating include/c_defs.h

## ---------------- ##
## Cache variables. ##
## ---------------- ##

ac_cv_build=x86_64-pc-linux-gnu
ac_cv_c_compiler_gnu=yes
ac_cv_env_CC_set=
ac_cv_env_CC_value=
ac_cv_env_CFLAGS_set=
ac_cv_env_CFLAGS_value=
ac_cv_env_CPPFLAGS_set=
ac_cv_env_CPPFLAGS_value=
ac_cv_env_CPP_set=
ac_cv_env_CPP_value=
ac_cv_env_EXTLIB_FLAGS_set=
ac_cv_env_EXTLIB_FLAGS_value=
ac_cv_env_F77_set=
ac_cv_env_F77_value=
ac_cv_env_FCFLAGS_set=
ac_cv_env_FCFLAGS_value=
ac_cv_env_FC_set=
ac_cv_env_FC_value=
ac_cv_env_FFLAGS_set=
ac_cv_env_FFLAGS_value=
ac_cv_env_LDFLAGS_set=
ac_cv_env_LDFLAGS_value=
ac_cv_env_LIBS_set=
ac_cv_env_LIBS_value=
ac_cv_env_NVCCFLAGS_set=
ac_cv_env_NVCCFLAGS_value=
ac_cv_env_build_alias_set=
ac_cv_env_build_alias_value=
ac_cv_env_host_alias_set=
ac_cv_env_host_alias_value=
ac_cv_env_target_alias_set=
ac_cv_env_target_alias_value=
ac_cv_f77_compiler_gnu=no
ac_cv_fc_compiler_gnu=no
ac_cv_fc_srcext_f90=none
ac_cv_file__opt_intel_compilers_and_libraries_2019_5_281_linux_mkl_include_mkl_dfti_f90=yes
ac_cv_header_inttypes_h=yes
ac_cv_header_memory_h=yes
ac_cv_header_stdc=no
ac_cv_header_stdint_h=yes
ac_cv_header_stdlib_h=yes
ac_cv_header_string_h=yes
ac_cv_header_strings_h=yes
ac_cv_header_sys_stat_h=yes
ac_cv_header_sys_types_h=yes
ac_cv_header_unistd_h=yes
ac_cv_lib_mkl_intel_lp64_DftiComputeForward=yes
ac_cv_objext=o
ac_cv_path_EGREP='/bin/grep -E'
ac_cv_path_GREP=/bin/grep
ac_cv_prog_CPP='gcc -E'
ac_cv_prog_ac_ct_CC=gcc
ac_cv_prog_ac_ct_F77=ifort
ac_cv_prog_ac_ct_FC=mpif90
ac_cv_prog_cc_c89=
ac_cv_prog_cc_g=yes
ac_cv_prog_f77_g=yes
ac_cv_prog_fc_g=yes
ac_cv_prog_make_make_set=yes
ac_cv_prog_ranlib=ranlib
ac_cv_prog_wget='wget -O'
ac_cv_search_dgemm=-lmkl_intel_lp64
ac_cv_search_dspev='none required'
ac_cv_search_mpi_init='none required'
ac_cv_search_pdgemr2d=no

## ----------------- ##
## Output variables. ##
## ----------------- ##

CC='gcc'
CFLAGS='-O3'
CPP='gcc -E'
CPPFLAGS='-O3'
CUDA_CFLAGS=''
CUDA_LDLIBS=''
Configured for compilation of parallel executables.'
DEFS='-DHAVE_CONFIG_H'
ECHO_C=''
ECHO_N='-n'
ECHO_T=''
EGREP='/bin/grep -E'
EXEEXT=''
EXTLIB_FLAGS=''
F77='mpif90'
FC='mpif90'
FCFLAGS='-g -O2'
FCFLAGS_f90=''
FFLAGS='-O2 -assume byterecl -g -traceback  -nomodule'
GREP='/bin/grep'
LDFLAGS=''
LIBOBJS=''
LIBS=' -L/bgsys/local/scalapack/lib -lscalapack -L/bgsys/local/blacs/lib -lblacs -lblacsF77init -lblacs'
LIBS_LIBXC=''
LTLIBOBJS=''
NVCC='no'
NVCCFLAGS=''
OBJEXT='o'
PACKAGE_BUGREPORT=''
PACKAGE_NAME='ESPRESSO'
PACKAGE_STRING='ESPRESSO 6.4'
PACKAGE_TARNAME='espresso'
PACKAGE_URL=''
PACKAGE_VERSION='6.4'
PATH_SEPARATOR=':'
SET_MAKE=''
SHELL='/bin/sh'
ac_ct_CC='gcc'
ac_ct_F77='ifort'
ac_ct_FC='mpif90'
ar='ar'
arch='x86_64'
arflags='ruv'
bindir='${exec_prefix}/bin'
blas_libs='  -lmkl_intel_lp64  -lmkl_sequential -lmkl_core'
blas_libs_switch='external'
blas_line='BLAS_LIBS=  -lmkl_intel_lp64  -lmkl_sequential -lmkl_core'
build='x86_64-pc-linux-gnu'
build_alias=''
build_cpu='x86_64'
build_os='linux-gnu'
build_vendor='pc'
cc='gcc'
cflags='-O3'
cpp='cpp'
cppflags='-P -traditional'
cuda_extlibs=''
cuda_fflags=''
cuda_libs=''
datadir='${datarootdir}'
datarootdir='${prefix}/share'
dflags=' -D__DFTI -D__MPI'
docdir='${datarootdir}/doc/${PACKAGE_TARNAME}'
dvidir='${docdir}'
elpa_libs=''
elpa_line='@delete@'
exec_prefix='${prefix}'
extlib_flags=''
f77='ifort'
f90='ifort'
f90flags='$(FFLAGS) -nomodule'
f90rule='$(MPIF90) $(F90FLAGS) -c $<'
fdflags='$(DFLAGS) $(MANUAL_DFLAGS)'
fflags='-O2 -assume byterecl -g -traceback'
fflags_nomain='-nofor_main'
fflags_noopt='-O0 -assume byterecl -g -traceback'
fft_libs=''
fft_line='FFT_LIBS='
foxflags=''
gpu_arch=''
gpu_runtime=''
hdf5_libs=''
hdf5_line=''
host_alias=''
htmldir='${docdir}'
iflags='-I$(TOPDIR)/include -I$(TOPDIR)/FoX/finclude -I$(TOPDIR)/S3DE/iotk/include/ -I/opt/intel/compilers_and_libraries_2019.5.281/linux/mkl/include'
imod='-I'
includedir='${prefix}/include'
infodir='${datarootdir}/info'
lapack_libs=''
lapack_libs_switch='external'
lapack_line='LAPACK_LIBS='
ld='mpif90'
ld_libs=''
ldflags=' '
libdir='${exec_prefix}/lib'
libexecdir='${exec_prefix}/libexec'
libxc_line=''
localedir='${datarootdir}/locale'
localstatedir='${prefix}/var'
mandir='${datarootdir}/man'
mass_libs=''
mass_line='@delete@'
mpi_libs=''
mpi_line='@delete@'
mpif90='mpif90'
oldincludedir='/usr/include'
parallel_report='Parallel environment detected successfully.\
pdfdir='${docdir}'
pre_fdflags='-fpp '
prefix='/usr/local'
program_transform_name='s,x,x,'
psdir='${docdir}'
ranlib='ranlib'
runstatedir='${localstatedir}/run'
sbindir='${exec_prefix}/sbin'
scalapack_libs=''
scalapack_line='@delete@'
sharedstatedir='${prefix}/com'
sysconfdir='${prefix}/etc'
target_alias=''
topdir='/home1/03355/tg826544/software/QE/QE6.4.1/QE6.4.1_dev'
wget='wget -O'

## ----------- ##
## confdefs.h. ##
## ----------- ##

/* confdefs.h */
#define PACKAGE_NAME "ESPRESSO"
#define PACKAGE_TARNAME "espresso"
#define PACKAGE_VERSION "6.4"
#define PACKAGE_STRING "ESPRESSO 6.4"
#define PACKAGE_BUGREPORT ""
#define PACKAGE_URL ""
#define HAVE_SYS_TYPES_H 1
#define HAVE_SYS_STAT_H 1
#define HAVE_STDLIB_H 1
#define HAVE_STRING_H 1
#define HAVE_MEMORY_H 1
#define HAVE_STRINGS_H 1
#define HAVE_INTTYPES_H 1
#define HAVE_STDINT_H 1
#define HAVE_UNISTD_H 1

configure: exit 0
